[35m[Appium][39m Welcome to Appium v1.16.0
[35m[Appium][39m Non-default server args:
[35m[Appium][39m   port: 49588
[35m[Appium][39m   loglevel: info
[35m[Appium][39m   chromeDriverPort: 49589
[35m[Appium][39m   tmpDir: C:\Users\MOba\AppData\Local\Temp\\Katalon\Appium\Temp1595794673631
[35m[Appium][39m Appium REST http interface listener started on 0.0.0.0:49588
[35m[HTTP][39m [37m-->[39m [37mGET[39m [37m/wd/hub/status[39m
[35m[HTTP][39m [90m{}[39m
[35m[HTTP][39m [37m<-- GET /wd/hub/status [39m[32m200[39m [90m6 ms - 68[39m
[35m[HTTP][39m [90m[39m
[35m[HTTP][39m [37m-->[39m [37mGET[39m [37m/wd/hub/status[39m
[35m[HTTP][39m [90m{}[39m
[35m[HTTP][39m [37m<-- GET /wd/hub/status [39m[32m200[39m [90m1 ms - 68[39m
[35m[HTTP][39m [90m[39m
[35m[HTTP][39m [37m-->[39m [37mPOST[39m [37m/wd/hub/session[39m
[35m[HTTP][39m [90m{"desiredCapabilities":{"app":"C:\\Users\\MOba\\Katalon Studio\\BillingHours\\fileAPK\\Copy of app-armeabi-v7a-release.apk","noReset":true,"deviceName":"TECNO MOBILE LIMITED TECNO CC6 (Android 9)","fullReset":false,"platform":"ANDROID","newCommandTimeout":1800,"platformVersion":"9","automationName":"uiautomator2","autoGrantPermissions":true,"platformName":"Android","udid":"04957339AN001022","systemPort":49600},"capabilities":{"firstMatch":[{"appium:app":"C:\\Users\\MOba\\Katalon Studio\\BillingHours\\fileAPK\\Copy of app-armeabi-v7a-release.apk","appium:autoGrantPermissions":true,"appium:automationName":"uiautomator2","appium:deviceName":"TECNO MOBILE LIMITED TECNO CC6 (Android 9)","appium:fullReset":false,"appium:newCommandTimeout":1800,"appium:noReset":true,"platform":"ANDROID","platformName":"android","appium:platformVersion":"9","appium:systemPort":49600,"appium:udid":"04957339AN001022"}]}}[39m
[35m[BaseDriver][39m The capabilities ["platform"] are not standard capabilities and should have an extension prefix
[35m[Appium][39m Appium v1.16.0 creating new AndroidUiautomator2Driver (v1.40.0) session
[35m[BaseDriver][39m The following capabilities were provided, but are not recognized by Appium:
[35m[BaseDriver][39m   platform
[35m[BaseDriver][39m Session created with session id: 4ade7623-d055-4a55-8305-e493fd9fd17f
[35m[BaseDriver][39m Using local app 'C:\Users\MOba\Katalon Studio\BillingHours\fileAPK\Copy of app-armeabi-v7a-release.apk'
[35m[ADB][39m Found 1 'build-tools' folders under 'C:\Users\MOba\.katalon\tools\android_sdk' (newest first):
[35m[ADB][39m     C:/Users/MOba/.katalon/tools/android_sdk/build-tools/29.0.3
[35m[ADB][39m Using 'adb.exe' from 'C:\Users\MOba\.katalon\tools\android_sdk\platform-tools\adb.exe'
[35m[AndroidDriver][39m Retrieving device list
[35m[AndroidDriver][39m Using device: 04957339AN001022
[35m[ADB][39m Using 'adb.exe' from 'C:\Users\MOba\.katalon\tools\android_sdk\platform-tools\adb.exe'
[35m[UiAutomator2][39m Relaxing hidden api policy
[35m[ADB][39m Package name: 'com.bundle.billable_hours_app'
[35m[ADB][39m Main activity name: 'com.bundle.billable_hours_app.MainActivity'
[35m[ADB][39m Cannot use apksigner tool for signature verification. Original error: Could not find 'apksigner.bat' in ["C:\\Users\\MOba\\.katalon\\tools\\android_sdk\\platform-tools\\apksigner.bat","C:\\Users\\MOba\\.katalon\\tools\\android_sdk\\emulator\\apksigner.bat","C:\\Users\\MOba\\.katalon\\tools\\android_sdk\\tools\\apksigner.bat","C:\\Users\\MOba\\.katalon\\tools\\android_sdk\\tools\\bin\\apksigner.bat","C:\\Users\\MOba\\.katalon\\tools\\android_sdk\\build-tools\\29.0.3\\apksigner.bat"]. Do you have Android Build Tools installed at 'C:\Users\MOba\.katalon\tools\android_sdk'?
[35m[ADB][39m Cannot use apksigner tool for signature verification. Original error: Could not find 'apksigner.bat' in ["C:\\Users\\MOba\\.katalon\\tools\\android_sdk\\platform-tools\\apksigner.bat","C:\\Users\\MOba\\.katalon\\tools\\android_sdk\\emulator\\apksigner.bat","C:\\Users\\MOba\\.katalon\\tools\\android_sdk\\tools\\apksigner.bat","C:\\Users\\MOba\\.katalon\\tools\\android_sdk\\tools\\bin\\apksigner.bat","C:\\Users\\MOba\\.katalon\\tools\\android_sdk\\build-tools\\29.0.3\\apksigner.bat"]. Do you have Android Build Tools installed at 'C:\Users\MOba\.katalon\tools\android_sdk'?
[35m[UiAutomator2][39m Server packages are not going to be (re)installed
[35m[ADB][39m Cannot use apksigner tool for signature verification. Original error: Could not find 'apksigner.bat' in ["C:\\Users\\MOba\\.katalon\\tools\\android_sdk\\platform-tools\\apksigner.bat","C:\\Users\\MOba\\.katalon\\tools\\android_sdk\\emulator\\apksigner.bat","C:\\Users\\MOba\\.katalon\\tools\\android_sdk\\tools\\apksigner.bat","C:\\Users\\MOba\\.katalon\\tools\\android_sdk\\tools\\bin\\apksigner.bat","C:\\Users\\MOba\\.katalon\\tools\\android_sdk\\build-tools\\29.0.3\\apksigner.bat"]. Do you have Android Build Tools installed at 'C:\Users\MOba\.katalon\tools\android_sdk'?
[35m[UiAutomator2][39m Starting UIAutomator2 server 4.5.2
[35m[UiAutomator2][39m Using UIAutomator2 server from 'C:\Users\MOba\AppData\Roaming\npm\node_modules\appium\node_modules\appium-uiautomator2-server\apks\appium-uiautomator2-server-v4.5.2.apk' and test from 'C:\Users\MOba\AppData\Roaming\npm\node_modules\appium\node_modules\appium-uiautomator2-server\apks\appium-uiautomator2-server-debug-androidTest.apk'
[35m[UiAutomator2][39m Waiting up to 30000ms for UiAutomator2 to be online...
[35m[WD Proxy][39m Got an unexpected response with status undefined: {"code":"ECONNRESET"}
[35m[WD Proxy][39m Got an unexpected response with status undefined: {"code":"ECONNRESET"}
[35m[WD Proxy][39m Got an unexpected response with status undefined: {"code":"ECONNRESET"}
[35m[WD Proxy][39m Got an unexpected response with status undefined: {"code":"ECONNRESET"}
[35m[WD Proxy][39m Determined the downstream protocol as 'W3C'
[35m[AndroidDriver][39m Screen already unlocked, doing nothing
[35m[UiAutomator2][39m Starting 'com.bundle.billable_hours_app/com.bundle.billable_hours_app.MainActivity and waiting for 'com.bundle.billable_hours_app/com.bundle.billable_hours_app.MainActivity'
[35m[Appium][39m New AndroidUiautomator2Driver session created successfully, session 4ade7623-d055-4a55-8305-e493fd9fd17f added to master session list
[35m[HTTP][39m [37m<-- POST /wd/hub/session [39m[32m200[39m [90m11774 ms - 1336[39m
[35m[HTTP][39m [90m[39m
[35m[HTTP][39m [37m-->[39m [37mGET[39m [37m/wd/hub/session/4ade7623-d055-4a55-8305-e493fd9fd17f[39m
[35m[HTTP][39m [90m{}[39m
[35m[HTTP][39m [37m<-- GET /wd/hub/session/4ade7623-d055-4a55-8305-e493fd9fd17f [39m[32m200[39m [90m41 ms - 1268[39m
[35m[HTTP][39m [90m[39m
[35m[HTTP][39m [37m-->[39m [37mGET[39m [37m/wd/hub/session/4ade7623-d055-4a55-8305-e493fd9fd17f[39m
[35m[HTTP][39m [90m{}[39m
[35m[HTTP][39m [37m<-- GET /wd/hub/session/4ade7623-d055-4a55-8305-e493fd9fd17f [39m[32m200[39m [90m24 ms - 1268[39m
[35m[HTTP][39m [90m[39m
[35m[HTTP][39m [37m-->[39m [37mGET[39m [37m/wd/hub/status[39m
[35m[HTTP][39m [90m{}[39m
[35m[HTTP][39m [37m<-- GET /wd/hub/status [39m[32m200[39m [90m1 ms - 68[39m
[35m[HTTP][39m [90m[39m
[35m[HTTP][39m [37m-->[39m [37mPOST[39m [37m/wd/hub/session/4ade7623-d055-4a55-8305-e493fd9fd17f/timeouts[39m
[35m[HTTP][39m [90m{"implicit":60000}[39m
[35m[HTTP][39m [37m<-- POST /wd/hub/session/4ade7623-d055-4a55-8305-e493fd9fd17f/timeouts [39m[32m200[39m [90m5 ms - 14[39m
[35m[HTTP][39m [90m[39m
[35m[HTTP][39m [37m-->[39m [37mGET[39m [37m/wd/hub/session/4ade7623-d055-4a55-8305-e493fd9fd17f/source[39m
[35m[HTTP][39m [90m{}[39m
[35m[W3C (4ade7623)][39m Driver proxy active, passing request on via HTTP proxy
[35m[WD Proxy][39m Replacing sessionId 6ab2cfd3-4155-4800-b0cb-29e796723da1 with 4ade7623-d055-4a55-8305-e493fd9fd17f
[35m[HTTP][39m [37m<-- GET /wd/hub/session/4ade7623-d055-4a55-8305-e493fd9fd17f/source [39m[32m200[39m [90m224 ms - 5729[39m
[35m[HTTP][39m [90m[39m
[35m[HTTP][39m [37m-->[39m [37mGET[39m [37m/wd/hub/session/4ade7623-d055-4a55-8305-e493fd9fd17f/screenshot[39m
[35m[HTTP][39m [90m{}[39m
[35m[HTTP][39m [37m<-- GET /wd/hub/session/4ade7623-d055-4a55-8305-e493fd9fd17f/screenshot [39m[32m200[39m [90m583 ms - 55782[39m
[35m[HTTP][39m [90m[39m
[35m[HTTP][39m [37m-->[39m [37mGET[39m [37m/wd/hub/session/4ade7623-d055-4a55-8305-e493fd9fd17f/window/rect[39m
[35m[HTTP][39m [90m{}[39m
[35m[WD Proxy][39m Got an unexpected response with status undefined: {"errno":-4078,"code":"ECONNREFUSED","syscall":"connect","address":"127.0.0.1","port":49600}
[35m[HTTP][39m [37m<-- GET /wd/hub/session/4ade7623-d055-4a55-8305-e493fd9fd17f/window/rect [39m[31m500[39m [90m1042 ms - 605[39m
[35m[HTTP][39m [90m[39m
[35m[HTTP][39m [37m-->[39m [37mGET[39m [37m/wd/hub/session/4ade7623-d055-4a55-8305-e493fd9fd17f/window/rect[39m
[35m[HTTP][39m [90m{}[39m
[35m[WD Proxy][39m Got an unexpected response with status undefined: {"errno":-4078,"code":"ECONNREFUSED","syscall":"connect","address":"127.0.0.1","port":49600}
[35m[HTTP][39m [37m<-- GET /wd/hub/session/4ade7623-d055-4a55-8305-e493fd9fd17f/window/rect [39m[31m500[39m [90m1024 ms - 605[39m
[35m[HTTP][39m [90m[39m
